::1 - - [29/May/2023:09:05:25 +0700] "GET / HTTP/1.1" 200 13834
::1 - - [29/May/2023:09:05:25 +0700] "GET /favicon.ico HTTP/1.1" 404 196
::1 - - [29/May/2023:09:05:26 +0700] "GET /favicon.ico HTTP/1.1" 404 196
::1 - - [29/May/2023:09:07:45 +0700] "GET /20194736 HTTP/1.1" 301 234
::1 - - [29/May/2023:09:07:45 +0700] "GET /20194736/ HTTP/1.1" 200 274
::1 - - [29/May/2023:09:08:10 +0700] "GET /20194736/ HTTP/1.1" 200 277
::1 - - [29/May/2023:09:54:56 +0700] "GET /20194736/ HTTP/1.1" 200 2490
::1 - - [29/May/2023:09:55:53 +0700] "GET /20194736/ HTTP/1.1" 200 2516
127.0.0.1 - - [11/Jul/2023:10:48:50 +0700] "GET / HTTP/1.1" 200 14838
127.0.0.1 - - [11/Jul/2023:10:48:51 +0700] "GET /favicon.ico HTTP/1.1" 404 196
10.130.191.132 - - [11/Jul/2023:14:20:01 +0700] "GET / HTTP/1.1" 200 693
::1 - - [13/Jul/2023:21:56:40 +0700] "GET /20194736/ HTTP/1.1" 200 14763
::1 - - [13/Jul/2023:21:56:42 +0700] "GET /favicon.ico HTTP/1.1" 404 196
::1 - - [13/Jul/2023:21:58:40 +0700] "-" 408 -
::1 - - [13/Jul/2023:22:07:56 +0700] "GET /20194736/ HTTP/1.1" 200 14763
::1 - - [13/Jul/2023:22:10:37 +0700] "GET /20194704/ HTTP/1.1" 404 196
::1 - - [13/Jul/2023:22:10:56 +0700] "GET /20194704/ HTTP/1.1" 404 196
::1 - - [13/Jul/2023:22:11:02 +0700] "GET /20194704 HTTP/1.1" 404 196
::1 - - [13/Jul/2023:22:11:47 +0700] "GET /20194704 HTTP/1.1" 404 196
::1 - - [13/Jul/2023:22:11:49 +0700] "GET /20194704 HTTP/1.1" 404 196
::1 - - [13/Jul/2023:22:11:51 +0700] "GET /20194704 HTTP/1.1" 404 196
::1 - - [13/Jul/2023:22:12:25 +0700] "GET /20194804 HTTP/1.1" 301 234
::1 - - [13/Jul/2023:22:12:25 +0700] "GET /20194804/ HTTP/1.1" 200 4455
::1 - - [13/Jul/2023:22:12:25 +0700] "GET /20194804/styles.css HTTP/1.1" 200 1137
::1 - - [13/Jul/2023:22:12:25 +0700] "GET /20194804/main.js HTTP/1.1" 200 11458
::1 - - [13/Jul/2023:22:44:24 +0700] "GET /20194736/ HTTP/1.1" 200 4455
::1 - - [13/Jul/2023:22:44:24 +0700] "GET /20194736/main.js HTTP/1.1" 200 11458
::1 - - [13/Jul/2023:22:44:24 +0700] "GET /20194736/styles.css HTTP/1.1" 200 1137
::1 - - [13/Jul/2023:22:46:13 +0700] "GET /20194736/ HTTP/1.1" 304 -
::1 - - [13/Jul/2023:22:48:13 +0700] "-" 408 -
::1 - - [13/Jul/2023:22:48:19 +0700] "GET /20194736/ HTTP/1.1" 304 -
::1 - - [13/Jul/2023:22:50:19 +0700] "-" 408 -
::1 - - [13/Jul/2023:22:51:39 +0700] "GET /20194736 HTTP/1.1" 301 234
::1 - - [13/Jul/2023:22:53:39 +0700] "-" 408 -
::1 - - [13/Jul/2023:22:54:59 +0700] "GET /20194736/ HTTP/1.1" 304 -
::1 - - [13/Jul/2023:22:56:29 +0700] "-" 408 -
::1 - - [13/Jul/2023:23:03:00 +0700] "GET /20194736/ HTTP/1.1" 304 -
::1 - - [14/Jul/2023:22:00:16 +0700] "GET /20194736/ HTTP/1.1" 200 4455
::1 - - [14/Jul/2023:22:00:16 +0700] "GET /20194736/styles.css HTTP/1.1" 200 1137
::1 - - [14/Jul/2023:22:00:16 +0700] "GET /20194736/main.js HTTP/1.1" 200 11459
::1 - - [14/Jul/2023:22:00:18 +0700] "GET /favicon.ico HTTP/1.1" 404 196
::1 - - [20/Jul/2023:00:05:24 +0700] "GET /20194816 HTTP/1.1" 301 234
::1 - - [20/Jul/2023:00:05:24 +0700] "GET /20194816/ HTTP/1.1" 200 17220
::1 - - [20/Jul/2023:00:05:26 +0700] "GET /favicon.ico HTTP/1.1" 404 196
::1 - - [20/Jul/2023:00:07:10 +0700] "GET /20194816/ HTTP/1.1" 304 -
::1 - - [20/Jul/2023:00:07:55 +0700] "GET /20194816/ HTTP/1.1" 304 -
