[13/Jul/2023:15:47:10 +0700] ::1 TLSv1.3 TLS_CHACHA20_POLY1305_SHA256 "GET /20194736 HTTP/2.0" 235
[13/Jul/2023:15:47:10 +0700] ::1 TLSv1.3 TLS_CHACHA20_POLY1305_SHA256 "GET /20194736/ HTTP/2.0" 14763
[13/Jul/2023:15:47:12 +0700] ::1 TLSv1.3 TLS_CHACHA20_POLY1305_SHA256 "GET /favicon.ico HTTP/2.0" 196
[13/Jul/2023:21:55:43 +0700] ::1 TLSv1.3 TLS_CHACHA20_POLY1305_SHA256 "GET /20194736 HTTP/2.0" 235
[13/Jul/2023:21:55:43 +0700] ::1 TLSv1.3 TLS_CHACHA20_POLY1305_SHA256 "GET /20194736/ HTTP/2.0" 14763
[13/Jul/2023:23:05:26 +0700] ::1 TLSv1.3 TLS_CHACHA20_POLY1305_SHA256 "GET /20194736 HTTP/2.0" 235
[13/Jul/2023:23:05:26 +0700] ::1 TLSv1.3 TLS_CHACHA20_POLY1305_SHA256 "GET /20194736/ HTTP/2.0" 4455
[13/Jul/2023:23:05:26 +0700] ::1 TLSv1.3 TLS_CHACHA20_POLY1305_SHA256 "GET /20194736/styles.css HTTP/2.0" 1137
[13/Jul/2023:23:05:26 +0700] ::1 TLSv1.3 TLS_CHACHA20_POLY1305_SHA256 "GET /20194736/main.js HTTP/2.0" 11459
[14/Jul/2023:08:48:33 +0700] ::1 TLSv1.3 TLS_CHACHA20_POLY1305_SHA256 "GET /20194736 HTTP/2.0" 235
[14/Jul/2023:08:48:33 +0700] ::1 TLSv1.3 TLS_CHACHA20_POLY1305_SHA256 "GET /20194736/ HTTP/2.0" 4455
[14/Jul/2023:08:48:34 +0700] ::1 TLSv1.3 TLS_CHACHA20_POLY1305_SHA256 "GET /20194736/styles.css HTTP/2.0" 1137
[14/Jul/2023:08:48:34 +0700] ::1 TLSv1.3 TLS_CHACHA20_POLY1305_SHA256 "GET /20194736/main.js HTTP/2.0" 11459
[14/Jul/2023:08:48:36 +0700] ::1 TLSv1.3 TLS_CHACHA20_POLY1305_SHA256 "GET /favicon.ico HTTP/2.0" 196
[14/Jul/2023:11:17:10 +0700] ::1 TLSv1.3 TLS_CHACHA20_POLY1305_SHA256 "GET /20194736/ HTTP/2.0" 4455
[14/Jul/2023:11:17:10 +0700] ::1 TLSv1.3 TLS_CHACHA20_POLY1305_SHA256 "GET /20194736/styles.css HTTP/2.0" 1137
[14/Jul/2023:11:17:10 +0700] ::1 TLSv1.3 TLS_CHACHA20_POLY1305_SHA256 "GET /20194736/main.js HTTP/2.0" 11459
[14/Jul/2023:22:00:38 +0700] ::1 TLSv1.3 TLS_CHACHA20_POLY1305_SHA256 "GET /20194736 HTTP/2.0" 235
[14/Jul/2023:22:00:38 +0700] ::1 TLSv1.3 TLS_CHACHA20_POLY1305_SHA256 "GET /20194736/ HTTP/2.0" 4455
[14/Jul/2023:22:00:38 +0700] ::1 TLSv1.3 TLS_CHACHA20_POLY1305_SHA256 "GET /20194736/styles.css HTTP/2.0" 1137
[14/Jul/2023:22:00:38 +0700] ::1 TLSv1.3 TLS_CHACHA20_POLY1305_SHA256 "GET /20194736/main.js HTTP/2.0" 11459
[14/Jul/2023:22:00:40 +0700] ::1 TLSv1.3 TLS_CHACHA20_POLY1305_SHA256 "GET /favicon.ico HTTP/2.0" 196
[14/Jul/2023:22:01:30 +0700] ::1 TLSv1.3 TLS_CHACHA20_POLY1305_SHA256 "GET /20194736/ HTTP/2.0" 4455
[14/Jul/2023:22:01:30 +0700] ::1 TLSv1.3 TLS_CHACHA20_POLY1305_SHA256 "GET /20194736/styles.css HTTP/2.0" 1137
[14/Jul/2023:22:03:39 +0700] ::1 TLSv1.3 TLS_CHACHA20_POLY1305_SHA256 "GET /20194736/ HTTP/2.0" 17104
[14/Jul/2023:22:05:33 +0700] ::1 TLSv1.3 TLS_CHACHA20_POLY1305_SHA256 "GET /20194736/ HTTP/2.0" 17107
[14/Jul/2023:22:08:46 +0700] ::1 TLSv1.3 TLS_CHACHA20_POLY1305_SHA256 "GET /20194736/ HTTP/2.0" 17082
[14/Jul/2023:22:10:35 +0700] ::1 TLSv1.3 TLS_CHACHA20_POLY1305_SHA256 "GET /20194736/ HTTP/2.0" 17246
[14/Jul/2023:22:17:09 +0700] ::1 TLSv1.3 TLS_CHACHA20_POLY1305_SHA256 "GET /20194736 HTTP/2.0" 235
[14/Jul/2023:22:17:09 +0700] ::1 TLSv1.3 TLS_CHACHA20_POLY1305_SHA256 "GET /20194736/ HTTP/2.0" 17308
[14/Jul/2023:22:23:42 +0700] ::1 TLSv1.3 TLS_CHACHA20_POLY1305_SHA256 "GET /20194736 HTTP/2.0" 235
[14/Jul/2023:22:23:42 +0700] ::1 TLSv1.3 TLS_CHACHA20_POLY1305_SHA256 "GET /20194736/ HTTP/2.0" 17308
